2018-06-06 16:27:02,531 INFO 5204 [egg:logger] init all loggers with options: {"dir":"d:\\Program Files\\demo\\eggjs_node\\logs\\eggjs-node","encoding":"utf8","env":"local","level":"INFO","consoleLevel":"INFO","disableConsoleAfterReady":false,"outputJSON":false,"buffer":true,"appLogName":"eggjs-node-web.log","coreLogName":"egg-web.log","agentLogName":"egg-agent.log","errorLogName":"common-error.log","coreLogger":{"consoleLevel":"WARN"},"allowDebugAtProd":true,"type":"application"}
2018-06-06 16:27:02,575 INFO 5204 [egg-schedule]: register schedule d:\Program Files\demo\eggjs_node\node_modules\egg-logrotator\app\schedule\clean_log.js
2018-06-06 16:27:02,575 INFO 5204 [egg-schedule]: register schedule d:\Program Files\demo\eggjs_node\node_modules\egg-logrotator\app\schedule\rotate_by_file.js
2018-06-06 16:27:02,595 INFO 5204 [egg-mysql] connecting root@localhost:3306/test
2018-06-06 16:27:02,718 INFO 5204 [egg-static] starting static serve /public/ -> d:\Program Files\demo\eggjs_node\app\public
2018-06-06 16:27:02,722 INFO 5204 [egg-security] use csrf middleware
2018-06-06 16:27:02,725 INFO 5204 [egg-security] use methodnoallow middleware
2018-06-06 16:27:02,726 INFO 5204 [egg-security] use noopen middleware
2018-06-06 16:27:02,726 INFO 5204 [egg-security] use nosniff middleware
2018-06-06 16:27:02,727 INFO 5204 [egg-security] use xssProtection middleware
2018-06-06 16:27:02,728 INFO 5204 [egg-security] use xframe middleware
2018-06-06 16:27:02,728 INFO 5204 [egg-security] use dta middleware
2018-06-06 16:27:02,728 INFO 5204 [egg-security] compose 7 middlewares into one security middleware
2018-06-06 16:27:02,763 INFO 5204 [egg:core] dump config after load, 15ms
2018-06-06 16:27:02,779 INFO 5204 [egg-watcher:app] watcher start success
2018-06-06 16:27:02,781 INFO 5204 [egg-mysql] instance[0] status OK, rds currentTime: Wed Jun 06 2018 16:27:02 GMT+0800 (中国标准时间)
2018-06-06 16:27:02,794 INFO 5204 [egg:core] dump config after ready, 12ms
2018-06-06 16:27:31,995 INFO 9700 [egg:logger] init all loggers with options: {"dir":"d:\\Program Files\\demo\\eggjs_node\\logs\\eggjs-node","encoding":"utf8","env":"local","level":"INFO","consoleLevel":"INFO","disableConsoleAfterReady":false,"outputJSON":false,"buffer":true,"appLogName":"eggjs-node-web.log","coreLogName":"egg-web.log","agentLogName":"egg-agent.log","errorLogName":"common-error.log","coreLogger":{"consoleLevel":"WARN"},"allowDebugAtProd":true,"type":"application"}
2018-06-06 16:27:32,041 INFO 9700 [egg-schedule]: register schedule d:\Program Files\demo\eggjs_node\node_modules\egg-logrotator\app\schedule\clean_log.js
2018-06-06 16:27:32,041 INFO 9700 [egg-schedule]: register schedule d:\Program Files\demo\eggjs_node\node_modules\egg-logrotator\app\schedule\rotate_by_file.js
2018-06-06 16:27:32,064 INFO 9700 [egg-mysql] connecting root@localhost:3306/test
2018-06-06 16:27:32,233 INFO 9700 [egg-static] starting static serve /public/ -> d:\Program Files\demo\eggjs_node\app\public
2018-06-06 16:27:32,237 INFO 9700 [egg-security] use csrf middleware
2018-06-06 16:27:32,238 INFO 9700 [egg-security] use methodnoallow middleware
2018-06-06 16:27:32,239 INFO 9700 [egg-security] use noopen middleware
2018-06-06 16:27:32,240 INFO 9700 [egg-security] use nosniff middleware
2018-06-06 16:27:32,241 INFO 9700 [egg-security] use xssProtection middleware
2018-06-06 16:27:32,241 INFO 9700 [egg-security] use xframe middleware
2018-06-06 16:27:32,242 INFO 9700 [egg-security] use dta middleware
2018-06-06 16:27:32,242 INFO 9700 [egg-security] compose 7 middlewares into one security middleware
2018-06-06 16:27:32,277 INFO 9700 [egg:core] dump config after load, 13ms
2018-06-06 16:27:32,295 INFO 9700 [egg-watcher:app] watcher start success
2018-06-06 16:27:32,297 INFO 9700 [egg-mysql] instance[0] status OK, rds currentTime: Wed Jun 06 2018 16:27:32 GMT+0800 (中国标准时间)
2018-06-06 16:27:32,308 INFO 9700 [egg:core] dump config after ready, 9ms
2018-06-06 16:28:56,997 INFO 9076 [egg:logger] init all loggers with options: {"dir":"d:\\Program Files\\demo\\eggjs_node\\logs\\eggjs-node","encoding":"utf8","env":"local","level":"INFO","consoleLevel":"INFO","disableConsoleAfterReady":false,"outputJSON":false,"buffer":true,"appLogName":"eggjs-node-web.log","coreLogName":"egg-web.log","agentLogName":"egg-agent.log","errorLogName":"common-error.log","coreLogger":{"consoleLevel":"WARN"},"allowDebugAtProd":true,"type":"application"}
2018-06-06 16:28:57,050 INFO 9076 [egg-schedule]: register schedule d:\Program Files\demo\eggjs_node\node_modules\egg-logrotator\app\schedule\clean_log.js
2018-06-06 16:28:57,050 INFO 9076 [egg-schedule]: register schedule d:\Program Files\demo\eggjs_node\node_modules\egg-logrotator\app\schedule\rotate_by_file.js
2018-06-06 16:28:57,076 INFO 9076 [egg-mysql] connecting root@localhost:3306/test
2018-06-06 16:28:57,218 INFO 9076 [egg-static] starting static serve /public/ -> d:\Program Files\demo\eggjs_node\app\public
2018-06-06 16:28:57,223 INFO 9076 [egg-security] use csrf middleware
2018-06-06 16:28:57,224 INFO 9076 [egg-security] use methodnoallow middleware
2018-06-06 16:28:57,225 INFO 9076 [egg-security] use noopen middleware
2018-06-06 16:28:57,225 INFO 9076 [egg-security] use nosniff middleware
2018-06-06 16:28:57,226 INFO 9076 [egg-security] use xssProtection middleware
2018-06-06 16:28:57,227 INFO 9076 [egg-security] use xframe middleware
2018-06-06 16:28:57,227 INFO 9076 [egg-security] use dta middleware
2018-06-06 16:28:57,227 INFO 9076 [egg-security] compose 7 middlewares into one security middleware
2018-06-06 16:28:57,258 INFO 9076 [egg:core] dump config after load, 10ms
2018-06-06 16:28:57,276 INFO 9076 [egg-watcher:app] watcher start success
2018-06-06 16:28:57,279 INFO 9076 [egg-mysql] instance[0] status OK, rds currentTime: Wed Jun 06 2018 16:28:57 GMT+0800 (中国标准时间)
2018-06-06 16:28:57,297 INFO 9076 [egg:core] dump config after ready, 17ms
2018-06-06 16:30:06,971 INFO 7472 [egg:logger] init all loggers with options: {"dir":"d:\\Program Files\\demo\\eggjs_node\\logs\\eggjs-node","encoding":"utf8","env":"local","level":"INFO","consoleLevel":"INFO","disableConsoleAfterReady":false,"outputJSON":false,"buffer":true,"appLogName":"eggjs-node-web.log","coreLogName":"egg-web.log","agentLogName":"egg-agent.log","errorLogName":"common-error.log","coreLogger":{"consoleLevel":"WARN"},"allowDebugAtProd":true,"type":"application"}
2018-06-06 16:30:07,008 INFO 7472 [egg-schedule]: register schedule d:\Program Files\demo\eggjs_node\node_modules\egg-logrotator\app\schedule\clean_log.js
2018-06-06 16:30:07,008 INFO 7472 [egg-schedule]: register schedule d:\Program Files\demo\eggjs_node\node_modules\egg-logrotator\app\schedule\rotate_by_file.js
2018-06-06 16:30:07,024 INFO 7472 [egg-mysql] connecting root@localhost:3306/test
2018-06-06 16:30:07,148 INFO 7472 [egg-static] starting static serve /public/ -> d:\Program Files\demo\eggjs_node\app\public
2018-06-06 16:30:07,151 INFO 7472 [egg-security] use csrf middleware
2018-06-06 16:30:07,152 INFO 7472 [egg-security] use methodnoallow middleware
2018-06-06 16:30:07,153 INFO 7472 [egg-security] use noopen middleware
2018-06-06 16:30:07,153 INFO 7472 [egg-security] use nosniff middleware
2018-06-06 16:30:07,154 INFO 7472 [egg-security] use xssProtection middleware
2018-06-06 16:30:07,154 INFO 7472 [egg-security] use xframe middleware
2018-06-06 16:30:07,155 INFO 7472 [egg-security] use dta middleware
2018-06-06 16:30:07,155 INFO 7472 [egg-security] compose 7 middlewares into one security middleware
2018-06-06 16:30:07,187 INFO 7472 [egg:core] dump config after load, 12ms
2018-06-06 16:30:07,202 INFO 7472 [egg-watcher:app] watcher start success
2018-06-06 16:30:07,214 INFO 7472 [egg-mysql] instance[0] status OK, rds currentTime: Wed Jun 06 2018 16:30:07 GMT+0800 (中国标准时间)
2018-06-06 16:30:07,221 INFO 7472 [egg:core] dump config after ready, 6ms
2018-06-06 16:30:36,717 INFO 7416 [egg:logger] init all loggers with options: {"dir":"D:\\Program Files\\demo\\eggjs_node\\logs\\eggjs-node","encoding":"utf8","env":"local","level":"INFO","consoleLevel":"INFO","disableConsoleAfterReady":false,"outputJSON":false,"buffer":true,"appLogName":"eggjs-node-web.log","coreLogName":"egg-web.log","agentLogName":"egg-agent.log","errorLogName":"common-error.log","coreLogger":{"consoleLevel":"WARN"},"allowDebugAtProd":true,"type":"application"}
2018-06-06 16:30:36,770 INFO 7416 [egg-schedule]: register schedule D:\Program Files\demo\eggjs_node\node_modules\egg-logrotator\app\schedule\clean_log.js
2018-06-06 16:30:36,770 INFO 7416 [egg-schedule]: register schedule D:\Program Files\demo\eggjs_node\node_modules\egg-logrotator\app\schedule\rotate_by_file.js
2018-06-06 16:30:36,799 INFO 7416 [egg-mysql] connecting root@localhost:3306/test
2018-06-06 16:30:36,968 INFO 7416 [egg-static] starting static serve /public/ -> D:\Program Files\demo\eggjs_node\app\public
2018-06-06 16:30:36,971 INFO 7416 [egg-security] use csrf middleware
2018-06-06 16:30:36,972 INFO 7416 [egg-security] use methodnoallow middleware
2018-06-06 16:30:36,973 INFO 7416 [egg-security] use noopen middleware
2018-06-06 16:30:36,974 INFO 7416 [egg-security] use nosniff middleware
2018-06-06 16:30:36,975 INFO 7416 [egg-security] use xssProtection middleware
2018-06-06 16:30:36,976 INFO 7416 [egg-security] use xframe middleware
2018-06-06 16:30:36,977 INFO 7416 [egg-security] use dta middleware
2018-06-06 16:30:36,977 INFO 7416 [egg-security] compose 7 middlewares into one security middleware
2018-06-06 16:30:36,992 INFO 7416 [egg:core] dump config after load, 9ms
2018-06-06 16:30:37,008 INFO 7416 [egg-watcher:app] watcher start success
2018-06-06 16:30:37,011 INFO 7416 [egg-mysql] instance[0] status OK, rds currentTime: Wed Jun 06 2018 16:30:37 GMT+0800 (中国标准时间)
2018-06-06 16:30:37,020 INFO 7416 [egg:core] dump config after ready, 8ms
2018-06-06 16:31:15,217 INFO 10324 [egg:logger] init all loggers with options: {"dir":"D:\\Program Files\\demo\\eggjs_node\\logs\\eggjs-node","encoding":"utf8","env":"local","level":"INFO","consoleLevel":"INFO","disableConsoleAfterReady":false,"outputJSON":false,"buffer":true,"appLogName":"eggjs-node-web.log","coreLogName":"egg-web.log","agentLogName":"egg-agent.log","errorLogName":"common-error.log","coreLogger":{"consoleLevel":"WARN"},"allowDebugAtProd":true,"type":"application"}
2018-06-06 16:31:15,267 INFO 10324 [egg-schedule]: register schedule D:\Program Files\demo\eggjs_node\node_modules\egg-logrotator\app\schedule\clean_log.js
2018-06-06 16:31:15,267 INFO 10324 [egg-schedule]: register schedule D:\Program Files\demo\eggjs_node\node_modules\egg-logrotator\app\schedule\rotate_by_file.js
2018-06-06 16:31:15,291 INFO 10324 [egg-mysql] connecting root@localhost:3306/test
2018-06-06 16:31:15,440 INFO 10324 [egg-static] starting static serve /public/ -> D:\Program Files\demo\eggjs_node\app\public
2018-06-06 16:31:15,443 INFO 10324 [egg-security] use csrf middleware
2018-06-06 16:31:15,444 INFO 10324 [egg-security] use methodnoallow middleware
2018-06-06 16:31:15,445 INFO 10324 [egg-security] use noopen middleware
2018-06-06 16:31:15,446 INFO 10324 [egg-security] use nosniff middleware
2018-06-06 16:31:15,446 INFO 10324 [egg-security] use xssProtection middleware
2018-06-06 16:31:15,447 INFO 10324 [egg-security] use xframe middleware
2018-06-06 16:31:15,448 INFO 10324 [egg-security] use dta middleware
2018-06-06 16:31:15,448 INFO 10324 [egg-security] compose 7 middlewares into one security middleware
2018-06-06 16:31:15,464 INFO 10324 [egg:core] dump config after load, 9ms
2018-06-06 16:31:15,493 INFO 10324 [egg-watcher:app] watcher start success
2018-06-06 16:31:15,496 INFO 10324 [egg-mysql] instance[0] status OK, rds currentTime: Wed Jun 06 2018 16:31:15 GMT+0800 (中国标准时间)
2018-06-06 16:31:15,510 INFO 10324 [egg:core] dump config after ready, 11ms
2018-06-06 16:33:30,344 INFO 10828 [egg:logger] init all loggers with options: {"dir":"D:\\Program Files\\demo\\eggjs_node\\logs\\eggjs-node","encoding":"utf8","env":"local","level":"INFO","consoleLevel":"INFO","disableConsoleAfterReady":false,"outputJSON":false,"buffer":true,"appLogName":"eggjs-node-web.log","coreLogName":"egg-web.log","agentLogName":"egg-agent.log","errorLogName":"common-error.log","coreLogger":{"consoleLevel":"WARN"},"allowDebugAtProd":true,"type":"application"}
2018-06-06 16:33:30,395 INFO 10828 [egg-schedule]: register schedule D:\Program Files\demo\eggjs_node\node_modules\egg-logrotator\app\schedule\clean_log.js
2018-06-06 16:33:30,395 INFO 10828 [egg-schedule]: register schedule D:\Program Files\demo\eggjs_node\node_modules\egg-logrotator\app\schedule\rotate_by_file.js
2018-06-06 16:33:30,423 INFO 10828 [egg-mysql] connecting root@localhost:3306/test
2018-06-06 16:33:30,610 INFO 10828 [egg-static] starting static serve /public/ -> D:\Program Files\demo\eggjs_node\app\public
2018-06-06 16:33:30,614 INFO 10828 [egg-security] use csrf middleware
2018-06-06 16:33:30,615 INFO 10828 [egg-security] use methodnoallow middleware
2018-06-06 16:33:30,616 INFO 10828 [egg-security] use noopen middleware
2018-06-06 16:33:30,617 INFO 10828 [egg-security] use nosniff middleware
2018-06-06 16:33:30,618 INFO 10828 [egg-security] use xssProtection middleware
2018-06-06 16:33:30,619 INFO 10828 [egg-security] use xframe middleware
2018-06-06 16:33:30,619 INFO 10828 [egg-security] use dta middleware
2018-06-06 16:33:30,619 INFO 10828 [egg-security] compose 7 middlewares into one security middleware
2018-06-06 16:33:30,632 INFO 10828 [egg:core] dump config after load, 7ms
2018-06-06 16:33:30,661 INFO 10828 [egg-watcher:app] watcher start success
2018-06-06 16:33:30,663 INFO 10828 [egg-mysql] instance[0] status OK, rds currentTime: Wed Jun 06 2018 16:33:30 GMT+0800 (中国标准时间)
2018-06-06 16:33:30,673 INFO 10828 [egg:core] dump config after ready, 8ms
2018-06-06 16:33:34,155 INFO 10644 [egg:logger] init all loggers with options: {"dir":"D:\\Program Files\\demo\\eggjs_node\\logs\\eggjs-node","encoding":"utf8","env":"local","level":"INFO","consoleLevel":"INFO","disableConsoleAfterReady":false,"outputJSON":false,"buffer":true,"appLogName":"eggjs-node-web.log","coreLogName":"egg-web.log","agentLogName":"egg-agent.log","errorLogName":"common-error.log","coreLogger":{"consoleLevel":"WARN"},"allowDebugAtProd":true,"type":"application"}
2018-06-06 16:33:34,198 INFO 10644 [egg-schedule]: register schedule D:\Program Files\demo\eggjs_node\node_modules\egg-logrotator\app\schedule\clean_log.js
2018-06-06 16:33:34,198 INFO 10644 [egg-schedule]: register schedule D:\Program Files\demo\eggjs_node\node_modules\egg-logrotator\app\schedule\rotate_by_file.js
2018-06-06 16:33:34,221 INFO 10644 [egg-mysql] connecting root@localhost:3306/test
2018-06-06 16:33:34,373 INFO 10644 [egg-static] starting static serve /public/ -> D:\Program Files\demo\eggjs_node\app\public
2018-06-06 16:33:34,376 INFO 10644 [egg-security] use csrf middleware
2018-06-06 16:33:34,377 INFO 10644 [egg-security] use methodnoallow middleware
2018-06-06 16:33:34,378 INFO 10644 [egg-security] use noopen middleware
2018-06-06 16:33:34,379 INFO 10644 [egg-security] use nosniff middleware
2018-06-06 16:33:34,379 INFO 10644 [egg-security] use xssProtection middleware
2018-06-06 16:33:34,380 INFO 10644 [egg-security] use xframe middleware
2018-06-06 16:33:34,381 INFO 10644 [egg-security] use dta middleware
2018-06-06 16:33:34,381 INFO 10644 [egg-security] compose 7 middlewares into one security middleware
2018-06-06 16:33:34,395 INFO 10644 [egg:core] dump config after load, 7ms
2018-06-06 16:33:34,412 INFO 10644 [egg-watcher:app] watcher start success
2018-06-06 16:33:34,414 INFO 10644 [egg-mysql] instance[0] status OK, rds currentTime: Wed Jun 06 2018 16:33:34 GMT+0800 (中国标准时间)
2018-06-06 16:33:34,425 INFO 10644 [egg:core] dump config after ready, 10ms
2018-06-06 16:35:16,084 INFO 11060 [egg:logger] init all loggers with options: {"dir":"D:\\Program Files\\demo\\eggjs_node\\logs\\eggjs-node","encoding":"utf8","env":"local","level":"INFO","consoleLevel":"INFO","disableConsoleAfterReady":false,"outputJSON":false,"buffer":true,"appLogName":"eggjs-node-web.log","coreLogName":"egg-web.log","agentLogName":"egg-agent.log","errorLogName":"common-error.log","coreLogger":{"consoleLevel":"WARN"},"allowDebugAtProd":true,"type":"application"}
2018-06-06 16:35:16,126 INFO 11060 [egg-schedule]: register schedule D:\Program Files\demo\eggjs_node\node_modules\egg-logrotator\app\schedule\clean_log.js
2018-06-06 16:35:16,126 INFO 11060 [egg-schedule]: register schedule D:\Program Files\demo\eggjs_node\node_modules\egg-logrotator\app\schedule\rotate_by_file.js
2018-06-06 16:35:16,150 INFO 11060 [egg-mysql] connecting root@localhost:3306/test
2018-06-06 16:35:16,305 INFO 11060 [egg-static] starting static serve /public/ -> D:\Program Files\demo\eggjs_node\app\public
2018-06-06 16:35:16,308 INFO 11060 [egg-security] use csrf middleware
2018-06-06 16:35:16,309 INFO 11060 [egg-security] use methodnoallow middleware
2018-06-06 16:35:16,312 INFO 11060 [egg-security] use noopen middleware
2018-06-06 16:35:16,313 INFO 11060 [egg-security] use nosniff middleware
2018-06-06 16:35:16,314 INFO 11060 [egg-security] use xssProtection middleware
2018-06-06 16:35:16,315 INFO 11060 [egg-security] use xframe middleware
2018-06-06 16:35:16,316 INFO 11060 [egg-security] use dta middleware
2018-06-06 16:35:16,316 INFO 11060 [egg-security] compose 7 middlewares into one security middleware
2018-06-06 16:35:16,348 INFO 11060 [egg:core] dump config after load, 9ms
2018-06-06 16:35:16,365 INFO 11060 [egg-watcher:app] watcher start success
2018-06-06 16:35:16,368 INFO 11060 [egg-mysql] instance[0] status OK, rds currentTime: Wed Jun 06 2018 16:35:16 GMT+0800 (中国标准时间)
2018-06-06 16:35:16,379 INFO 11060 [egg:core] dump config after ready, 9ms
2018-06-06 16:35:34,685 INFO 9120 [egg:logger] init all loggers with options: {"dir":"D:\\Program Files\\demo\\eggjs_node\\logs\\eggjs-node","encoding":"utf8","env":"local","level":"INFO","consoleLevel":"INFO","disableConsoleAfterReady":false,"outputJSON":false,"buffer":true,"appLogName":"eggjs-node-web.log","coreLogName":"egg-web.log","agentLogName":"egg-agent.log","errorLogName":"common-error.log","coreLogger":{"consoleLevel":"WARN"},"allowDebugAtProd":true,"type":"application"}
2018-06-06 16:35:34,736 INFO 9120 [egg-schedule]: register schedule D:\Program Files\demo\eggjs_node\node_modules\egg-logrotator\app\schedule\clean_log.js
2018-06-06 16:35:34,736 INFO 9120 [egg-schedule]: register schedule D:\Program Files\demo\eggjs_node\node_modules\egg-logrotator\app\schedule\rotate_by_file.js
2018-06-06 16:35:34,770 INFO 9120 [egg-mysql] connecting root@localhost:3306/test
2018-06-06 16:35:35,033 INFO 9120 [egg-static] starting static serve /public/ -> D:\Program Files\demo\eggjs_node\app\public
2018-06-06 16:35:35,040 INFO 9120 [egg-security] use csrf middleware
2018-06-06 16:35:35,043 INFO 9120 [egg-security] use methodnoallow middleware
2018-06-06 16:35:35,044 INFO 9120 [egg-security] use noopen middleware
2018-06-06 16:35:35,045 INFO 9120 [egg-security] use nosniff middleware
2018-06-06 16:35:35,046 INFO 9120 [egg-security] use xssProtection middleware
2018-06-06 16:35:35,046 INFO 9120 [egg-security] use xframe middleware
2018-06-06 16:35:35,047 INFO 9120 [egg-security] use dta middleware
2018-06-06 16:35:35,047 INFO 9120 [egg-security] compose 7 middlewares into one security middleware
2018-06-06 16:35:35,096 INFO 9120 [egg:core] dump config after load, 15ms
2018-06-06 16:35:35,116 INFO 9120 [egg-watcher:app] watcher start success
2018-06-06 16:35:35,120 INFO 9120 [egg-mysql] instance[0] status OK, rds currentTime: Wed Jun 06 2018 16:35:35 GMT+0800 (中国标准时间)
2018-06-06 16:35:35,130 INFO 9120 [egg:core] dump config after ready, 8ms
2018-06-06 16:37:56,030 INFO 10532 [egg:logger] init all loggers with options: {"dir":"D:\\Program Files\\demo\\eggjs_node\\logs\\eggjs-node","encoding":"utf8","env":"local","level":"INFO","consoleLevel":"INFO","disableConsoleAfterReady":false,"outputJSON":false,"buffer":true,"appLogName":"eggjs-node-web.log","coreLogName":"egg-web.log","agentLogName":"egg-agent.log","errorLogName":"common-error.log","coreLogger":{"consoleLevel":"WARN"},"allowDebugAtProd":true,"type":"application"}
2018-06-06 16:37:56,098 INFO 10532 [egg-schedule]: register schedule D:\Program Files\demo\eggjs_node\node_modules\egg-logrotator\app\schedule\clean_log.js
2018-06-06 16:37:56,098 INFO 10532 [egg-schedule]: register schedule D:\Program Files\demo\eggjs_node\node_modules\egg-logrotator\app\schedule\rotate_by_file.js
2018-06-06 16:37:56,134 INFO 10532 [egg-mysql] connecting root@localhost:3306/test
2018-06-06 16:37:56,357 INFO 10532 [egg-static] starting static serve /public/ -> D:\Program Files\demo\eggjs_node\app\public
2018-06-06 16:37:56,361 INFO 10532 [egg-security] use csrf middleware
2018-06-06 16:37:56,362 INFO 10532 [egg-security] use methodnoallow middleware
2018-06-06 16:37:56,363 INFO 10532 [egg-security] use noopen middleware
2018-06-06 16:37:56,363 INFO 10532 [egg-security] use nosniff middleware
2018-06-06 16:37:56,364 INFO 10532 [egg-security] use xssProtection middleware
2018-06-06 16:37:56,365 INFO 10532 [egg-security] use xframe middleware
2018-06-06 16:37:56,365 INFO 10532 [egg-security] use dta middleware
2018-06-06 16:37:56,365 INFO 10532 [egg-security] compose 7 middlewares into one security middleware
2018-06-06 16:37:56,391 INFO 10532 [egg:core] dump config after load, 14ms
2018-06-06 16:37:56,409 INFO 10532 [egg-watcher:app] watcher start success
2018-06-06 16:37:56,411 INFO 10532 [egg-mysql] instance[0] status OK, rds currentTime: Wed Jun 06 2018 16:37:56 GMT+0800 (中国标准时间)
2018-06-06 16:37:56,428 INFO 10532 [egg:core] dump config after ready, 16ms
2018-06-06 16:40:47,368 INFO 5516 [egg:logger] init all loggers with options: {"dir":"D:\\Program Files\\demo\\eggjs_node\\logs\\eggjs-node","encoding":"utf8","env":"local","level":"INFO","consoleLevel":"INFO","disableConsoleAfterReady":false,"outputJSON":false,"buffer":true,"appLogName":"eggjs-node-web.log","coreLogName":"egg-web.log","agentLogName":"egg-agent.log","errorLogName":"common-error.log","coreLogger":{"consoleLevel":"WARN"},"allowDebugAtProd":true,"type":"application"}
2018-06-06 16:40:47,408 INFO 5516 [egg-schedule]: register schedule D:\Program Files\demo\eggjs_node\node_modules\egg-logrotator\app\schedule\clean_log.js
2018-06-06 16:40:47,408 INFO 5516 [egg-schedule]: register schedule D:\Program Files\demo\eggjs_node\node_modules\egg-logrotator\app\schedule\rotate_by_file.js
2018-06-06 16:40:47,428 INFO 5516 [egg-mysql] connecting root@localhost:3306/test
2018-06-06 16:40:47,590 INFO 5516 [egg-static] starting static serve /public/ -> D:\Program Files\demo\eggjs_node\app\public
2018-06-06 16:40:47,596 INFO 5516 [egg-security] use csrf middleware
2018-06-06 16:40:47,599 INFO 5516 [egg-security] use methodnoallow middleware
2018-06-06 16:40:47,600 INFO 5516 [egg-security] use noopen middleware
2018-06-06 16:40:47,601 INFO 5516 [egg-security] use nosniff middleware
2018-06-06 16:40:47,602 INFO 5516 [egg-security] use xssProtection middleware
2018-06-06 16:40:47,603 INFO 5516 [egg-security] use xframe middleware
2018-06-06 16:40:47,604 INFO 5516 [egg-security] use dta middleware
2018-06-06 16:40:47,604 INFO 5516 [egg-security] compose 7 middlewares into one security middleware
2018-06-06 16:40:47,622 INFO 5516 [egg:core] dump config after load, 10ms
2018-06-06 16:40:47,667 INFO 5516 [egg-watcher:app] watcher start success
2018-06-06 16:40:47,671 INFO 5516 [egg-mysql] instance[0] status OK, rds currentTime: Wed Jun 06 2018 16:40:47 GMT+0800 (中国标准时间)
2018-06-06 16:40:47,686 INFO 5516 [egg:core] dump config after ready, 13ms
2018-06-06 16:41:14,457 INFO 816 [egg:logger] init all loggers with options: {"dir":"D:\\Program Files\\demo\\eggjs_node\\logs\\eggjs-node","encoding":"utf8","env":"local","level":"INFO","consoleLevel":"INFO","disableConsoleAfterReady":false,"outputJSON":false,"buffer":true,"appLogName":"eggjs-node-web.log","coreLogName":"egg-web.log","agentLogName":"egg-agent.log","errorLogName":"common-error.log","coreLogger":{"consoleLevel":"WARN"},"allowDebugAtProd":true,"type":"application"}
2018-06-06 16:41:14,499 INFO 816 [egg-schedule]: register schedule D:\Program Files\demo\eggjs_node\node_modules\egg-logrotator\app\schedule\clean_log.js
2018-06-06 16:41:14,499 INFO 816 [egg-schedule]: register schedule D:\Program Files\demo\eggjs_node\node_modules\egg-logrotator\app\schedule\rotate_by_file.js
2018-06-06 16:41:14,520 INFO 816 [egg-mysql] connecting root@localhost:3306/test
2018-06-06 16:41:14,664 INFO 816 [egg-static] starting static serve /public/ -> D:\Program Files\demo\eggjs_node\app\public
2018-06-06 16:41:14,668 INFO 816 [egg-security] use csrf middleware
2018-06-06 16:41:14,669 INFO 816 [egg-security] use methodnoallow middleware
2018-06-06 16:41:14,670 INFO 816 [egg-security] use noopen middleware
2018-06-06 16:41:14,670 INFO 816 [egg-security] use nosniff middleware
2018-06-06 16:41:14,671 INFO 816 [egg-security] use xssProtection middleware
2018-06-06 16:41:14,672 INFO 816 [egg-security] use xframe middleware
2018-06-06 16:41:14,672 INFO 816 [egg-security] use dta middleware
2018-06-06 16:41:14,672 INFO 816 [egg-security] compose 7 middlewares into one security middleware
2018-06-06 16:41:14,685 INFO 816 [egg:core] dump config after load, 8ms
2018-06-06 16:41:14,701 INFO 816 [egg-watcher:app] watcher start success
2018-06-06 16:41:14,702 INFO 816 [egg-mysql] instance[0] status OK, rds currentTime: Wed Jun 06 2018 16:41:14 GMT+0800 (中国标准时间)
2018-06-06 16:41:14,709 INFO 816 [egg:core] dump config after ready, 6ms
2018-06-06 16:43:58,965 INFO 10628 [egg:logger] init all loggers with options: {"dir":"D:\\Program Files\\demo\\eggjs_node\\logs\\eggjs-node","encoding":"utf8","env":"local","level":"INFO","consoleLevel":"INFO","disableConsoleAfterReady":false,"outputJSON":false,"buffer":true,"appLogName":"eggjs-node-web.log","coreLogName":"egg-web.log","agentLogName":"egg-agent.log","errorLogName":"common-error.log","coreLogger":{"consoleLevel":"WARN"},"allowDebugAtProd":true,"type":"application"}
2018-06-06 16:43:59,022 INFO 10628 [egg-schedule]: register schedule D:\Program Files\demo\eggjs_node\node_modules\egg-logrotator\app\schedule\clean_log.js
2018-06-06 16:43:59,022 INFO 10628 [egg-schedule]: register schedule D:\Program Files\demo\eggjs_node\node_modules\egg-logrotator\app\schedule\rotate_by_file.js
2018-06-06 16:43:59,048 INFO 10628 [egg-mysql] connecting root@localhost:3306/test
2018-06-06 16:43:59,267 INFO 10628 [egg-static] starting static serve /public/ -> D:\Program Files\demo\eggjs_node\app\public
2018-06-06 16:43:59,273 INFO 10628 [egg-security] use csrf middleware
2018-06-06 16:43:59,275 INFO 10628 [egg-security] use methodnoallow middleware
2018-06-06 16:43:59,276 INFO 10628 [egg-security] use noopen middleware
2018-06-06 16:43:59,277 INFO 10628 [egg-security] use nosniff middleware
2018-06-06 16:43:59,278 INFO 10628 [egg-security] use xssProtection middleware
2018-06-06 16:43:59,279 INFO 10628 [egg-security] use xframe middleware
2018-06-06 16:43:59,280 INFO 10628 [egg-security] use dta middleware
2018-06-06 16:43:59,281 INFO 10628 [egg-security] compose 7 middlewares into one security middleware
2018-06-06 16:43:59,299 INFO 10628 [egg:core] dump config after load, 9ms
2018-06-06 16:43:59,327 INFO 10628 [egg-watcher:app] watcher start success
2018-06-06 16:43:59,329 INFO 10628 [egg-mysql] instance[0] status OK, rds currentTime: Wed Jun 06 2018 16:43:59 GMT+0800 (中国标准时间)
2018-06-06 16:43:59,336 INFO 10628 [egg:core] dump config after ready, 6ms
2018-06-06 16:44:21,833 INFO 10824 [egg:logger] init all loggers with options: {"dir":"D:\\Program Files\\demo\\eggjs_node\\logs\\eggjs-node","encoding":"utf8","env":"local","level":"INFO","consoleLevel":"INFO","disableConsoleAfterReady":false,"outputJSON":false,"buffer":true,"appLogName":"eggjs-node-web.log","coreLogName":"egg-web.log","agentLogName":"egg-agent.log","errorLogName":"common-error.log","coreLogger":{"consoleLevel":"WARN"},"allowDebugAtProd":true,"type":"application"}
2018-06-06 16:44:21,880 INFO 10824 [egg-schedule]: register schedule D:\Program Files\demo\eggjs_node\node_modules\egg-logrotator\app\schedule\clean_log.js
2018-06-06 16:44:21,880 INFO 10824 [egg-schedule]: register schedule D:\Program Files\demo\eggjs_node\node_modules\egg-logrotator\app\schedule\rotate_by_file.js
2018-06-06 16:44:21,903 INFO 10824 [egg-mysql] connecting root@localhost:3306/test
2018-06-06 16:44:22,078 INFO 10824 [egg-static] starting static serve /public/ -> D:\Program Files\demo\eggjs_node\app\public
2018-06-06 16:44:22,081 INFO 10824 [egg-security] use csrf middleware
2018-06-06 16:44:22,083 INFO 10824 [egg-security] use methodnoallow middleware
2018-06-06 16:44:22,084 INFO 10824 [egg-security] use noopen middleware
2018-06-06 16:44:22,084 INFO 10824 [egg-security] use nosniff middleware
2018-06-06 16:44:22,086 INFO 10824 [egg-security] use xssProtection middleware
2018-06-06 16:44:22,087 INFO 10824 [egg-security] use xframe middleware
2018-06-06 16:44:22,089 INFO 10824 [egg-security] use dta middleware
2018-06-06 16:44:22,089 INFO 10824 [egg-security] compose 7 middlewares into one security middleware
2018-06-06 16:44:22,107 INFO 10824 [egg:core] dump config after load, 12ms
2018-06-06 16:44:22,140 INFO 10824 [egg-watcher:app] watcher start success
2018-06-06 16:44:22,143 INFO 10824 [egg-mysql] instance[0] status OK, rds currentTime: Wed Jun 06 2018 16:44:22 GMT+0800 (中国标准时间)
2018-06-06 16:44:22,152 INFO 10824 [egg:core] dump config after ready, 8ms
2018-06-06 16:45:22,038 INFO 10576 [egg:logger] init all loggers with options: {"dir":"d:\\Program Files\\demo\\eggjs_node\\logs\\eggjs-node","encoding":"utf8","env":"local","level":"INFO","consoleLevel":"INFO","disableConsoleAfterReady":false,"outputJSON":false,"buffer":true,"appLogName":"eggjs-node-web.log","coreLogName":"egg-web.log","agentLogName":"egg-agent.log","errorLogName":"common-error.log","coreLogger":{"consoleLevel":"WARN"},"allowDebugAtProd":true,"type":"application"}
2018-06-06 16:45:22,078 INFO 10576 [egg-schedule]: register schedule d:\Program Files\demo\eggjs_node\node_modules\egg-logrotator\app\schedule\clean_log.js
2018-06-06 16:45:22,078 INFO 10576 [egg-schedule]: register schedule d:\Program Files\demo\eggjs_node\node_modules\egg-logrotator\app\schedule\rotate_by_file.js
2018-06-06 16:45:22,094 INFO 10576 [egg-mysql] connecting root@localhost:3306/test
2018-06-06 16:45:22,197 INFO 10576 [egg-static] starting static serve /public/ -> d:\Program Files\demo\eggjs_node\app\public
2018-06-06 16:45:22,200 INFO 10576 [egg-security] use csrf middleware
2018-06-06 16:45:22,201 INFO 10576 [egg-security] use methodnoallow middleware
2018-06-06 16:45:22,201 INFO 10576 [egg-security] use noopen middleware
2018-06-06 16:45:22,202 INFO 10576 [egg-security] use nosniff middleware
2018-06-06 16:45:22,202 INFO 10576 [egg-security] use xssProtection middleware
2018-06-06 16:45:22,203 INFO 10576 [egg-security] use xframe middleware
2018-06-06 16:45:22,203 INFO 10576 [egg-security] use dta middleware
2018-06-06 16:45:22,203 INFO 10576 [egg-security] compose 7 middlewares into one security middleware
2018-06-06 16:45:22,216 INFO 10576 [egg:core] dump config after load, 9ms
2018-06-06 16:45:22,229 INFO 10576 [egg-watcher:app] watcher start success
2018-06-06 16:45:22,231 INFO 10576 [egg-mysql] instance[0] status OK, rds currentTime: Wed Jun 06 2018 16:45:22 GMT+0800 (中国标准时间)
2018-06-06 16:45:22,240 INFO 10576 [egg:core] dump config after ready, 8ms
2018-06-06 16:45:48,915 INFO 8500 [egg:logger] init all loggers with options: {"dir":"d:\\Program Files\\demo\\eggjs_node\\logs\\eggjs-node","encoding":"utf8","env":"local","level":"INFO","consoleLevel":"INFO","disableConsoleAfterReady":false,"outputJSON":false,"buffer":true,"appLogName":"eggjs-node-web.log","coreLogName":"egg-web.log","agentLogName":"egg-agent.log","errorLogName":"common-error.log","coreLogger":{"consoleLevel":"WARN"},"allowDebugAtProd":true,"type":"application"}
2018-06-06 16:45:48,955 INFO 8500 [egg-schedule]: register schedule d:\Program Files\demo\eggjs_node\node_modules\egg-logrotator\app\schedule\clean_log.js
2018-06-06 16:45:48,955 INFO 8500 [egg-schedule]: register schedule d:\Program Files\demo\eggjs_node\node_modules\egg-logrotator\app\schedule\rotate_by_file.js
2018-06-06 16:45:48,974 INFO 8500 [egg-mysql] connecting root@localhost:3306/test
2018-06-06 16:45:49,102 INFO 8500 [egg-static] starting static serve /public/ -> d:\Program Files\demo\eggjs_node\app\public
2018-06-06 16:45:49,105 INFO 8500 [egg-security] use csrf middleware
2018-06-06 16:45:49,106 INFO 8500 [egg-security] use methodnoallow middleware
2018-06-06 16:45:49,107 INFO 8500 [egg-security] use noopen middleware
2018-06-06 16:45:49,107 INFO 8500 [egg-security] use nosniff middleware
2018-06-06 16:45:49,108 INFO 8500 [egg-security] use xssProtection middleware
2018-06-06 16:45:49,108 INFO 8500 [egg-security] use xframe middleware
2018-06-06 16:45:49,109 INFO 8500 [egg-security] use dta middleware
2018-06-06 16:45:49,109 INFO 8500 [egg-security] compose 7 middlewares into one security middleware
2018-06-06 16:45:49,129 INFO 8500 [egg:core] dump config after load, 10ms
2018-06-06 16:45:49,145 INFO 8500 [egg-watcher:app] watcher start success
2018-06-06 16:45:49,148 INFO 8500 [egg-mysql] instance[0] status OK, rds currentTime: Wed Jun 06 2018 16:45:49 GMT+0800 (中国标准时间)
2018-06-06 16:45:49,156 INFO 8500 [egg:core] dump config after ready, 7ms
2018-06-06 16:46:03,315 INFO 9456 [egg:logger] init all loggers with options: {"dir":"d:\\Program Files\\demo\\eggjs_node\\logs\\eggjs-node","encoding":"utf8","env":"local","level":"INFO","consoleLevel":"INFO","disableConsoleAfterReady":false,"outputJSON":false,"buffer":true,"appLogName":"eggjs-node-web.log","coreLogName":"egg-web.log","agentLogName":"egg-agent.log","errorLogName":"common-error.log","coreLogger":{"consoleLevel":"WARN"},"allowDebugAtProd":true,"type":"application"}
2018-06-06 16:46:03,366 INFO 9456 [egg-schedule]: register schedule d:\Program Files\demo\eggjs_node\node_modules\egg-logrotator\app\schedule\clean_log.js
2018-06-06 16:46:03,366 INFO 9456 [egg-schedule]: register schedule d:\Program Files\demo\eggjs_node\node_modules\egg-logrotator\app\schedule\rotate_by_file.js
2018-06-06 16:46:03,392 INFO 9456 [egg-mysql] connecting root@localhost:3306/test
2018-06-06 16:46:03,555 INFO 9456 [egg-static] starting static serve /public/ -> d:\Program Files\demo\eggjs_node\app\public
2018-06-06 16:46:03,558 INFO 9456 [egg-security] use csrf middleware
2018-06-06 16:46:03,559 INFO 9456 [egg-security] use methodnoallow middleware
2018-06-06 16:46:03,560 INFO 9456 [egg-security] use noopen middleware
2018-06-06 16:46:03,560 INFO 9456 [egg-security] use nosniff middleware
2018-06-06 16:46:03,561 INFO 9456 [egg-security] use xssProtection middleware
2018-06-06 16:46:03,561 INFO 9456 [egg-security] use xframe middleware
2018-06-06 16:46:03,562 INFO 9456 [egg-security] use dta middleware
2018-06-06 16:46:03,562 INFO 9456 [egg-security] compose 7 middlewares into one security middleware
2018-06-06 16:46:03,594 INFO 9456 [egg:core] dump config after load, 8ms
2018-06-06 16:46:03,609 INFO 9456 [egg-watcher:app] watcher start success
2018-06-06 16:46:03,612 INFO 9456 [egg-mysql] instance[0] status OK, rds currentTime: Wed Jun 06 2018 16:46:03 GMT+0800 (中国标准时间)
2018-06-06 16:46:03,621 INFO 9456 [egg:core] dump config after ready, 7ms
2018-06-06 16:46:18,613 INFO 10888 [egg:logger] init all loggers with options: {"dir":"d:\\Program Files\\demo\\eggjs_node\\logs\\eggjs-node","encoding":"utf8","env":"local","level":"INFO","consoleLevel":"INFO","disableConsoleAfterReady":false,"outputJSON":false,"buffer":true,"appLogName":"eggjs-node-web.log","coreLogName":"egg-web.log","agentLogName":"egg-agent.log","errorLogName":"common-error.log","coreLogger":{"consoleLevel":"WARN"},"allowDebugAtProd":true,"type":"application"}
2018-06-06 16:46:18,667 INFO 10888 [egg-schedule]: register schedule d:\Program Files\demo\eggjs_node\node_modules\egg-logrotator\app\schedule\clean_log.js
2018-06-06 16:46:18,667 INFO 10888 [egg-schedule]: register schedule d:\Program Files\demo\eggjs_node\node_modules\egg-logrotator\app\schedule\rotate_by_file.js
2018-06-06 16:46:18,706 INFO 10888 [egg-mysql] connecting root@localhost:3306/test
2018-06-06 16:46:18,944 INFO 10888 [egg-static] starting static serve /public/ -> d:\Program Files\demo\eggjs_node\app\public
2018-06-06 16:46:18,949 INFO 10888 [egg-security] use csrf middleware
2018-06-06 16:46:18,955 INFO 10888 [egg-security] use methodnoallow middleware
2018-06-06 16:46:18,957 INFO 10888 [egg-security] use noopen middleware
2018-06-06 16:46:18,959 INFO 10888 [egg-security] use nosniff middleware
2018-06-06 16:46:18,960 INFO 10888 [egg-security] use xssProtection middleware
2018-06-06 16:46:18,961 INFO 10888 [egg-security] use xframe middleware
2018-06-06 16:46:18,962 INFO 10888 [egg-security] use dta middleware
2018-06-06 16:46:18,962 INFO 10888 [egg-security] compose 7 middlewares into one security middleware
2018-06-06 16:46:19,048 INFO 10888 [egg:core] dump config after load, 50ms
2018-06-06 16:46:19,091 INFO 10888 [egg-watcher:app] watcher start success
2018-06-06 16:46:19,094 INFO 10888 [egg-mysql] instance[0] status OK, rds currentTime: Wed Jun 06 2018 16:46:19 GMT+0800 (中国标准时间)
2018-06-06 16:46:19,109 INFO 10888 [egg:core] dump config after ready, 14ms
2018-06-06 16:46:37,272 INFO 6080 [egg:logger] init all loggers with options: {"dir":"d:\\Program Files\\demo\\eggjs_node\\logs\\eggjs-node","encoding":"utf8","env":"local","level":"INFO","consoleLevel":"INFO","disableConsoleAfterReady":false,"outputJSON":false,"buffer":true,"appLogName":"eggjs-node-web.log","coreLogName":"egg-web.log","agentLogName":"egg-agent.log","errorLogName":"common-error.log","coreLogger":{"consoleLevel":"WARN"},"allowDebugAtProd":true,"type":"application"}
2018-06-06 16:46:37,312 INFO 6080 [egg-schedule]: register schedule d:\Program Files\demo\eggjs_node\node_modules\egg-logrotator\app\schedule\clean_log.js
2018-06-06 16:46:37,312 INFO 6080 [egg-schedule]: register schedule d:\Program Files\demo\eggjs_node\node_modules\egg-logrotator\app\schedule\rotate_by_file.js
2018-06-06 16:46:37,329 INFO 6080 [egg-mysql] connecting root@localhost:3306/test
2018-06-06 16:46:37,434 INFO 6080 [egg-static] starting static serve /public/ -> d:\Program Files\demo\eggjs_node\app\public
2018-06-06 16:46:37,436 INFO 6080 [egg-security] use csrf middleware
2018-06-06 16:46:37,437 INFO 6080 [egg-security] use methodnoallow middleware
2018-06-06 16:46:37,438 INFO 6080 [egg-security] use noopen middleware
2018-06-06 16:46:37,438 INFO 6080 [egg-security] use nosniff middleware
2018-06-06 16:46:37,438 INFO 6080 [egg-security] use xssProtection middleware
2018-06-06 16:46:37,439 INFO 6080 [egg-security] use xframe middleware
2018-06-06 16:46:37,439 INFO 6080 [egg-security] use dta middleware
2018-06-06 16:46:37,439 INFO 6080 [egg-security] compose 7 middlewares into one security middleware
2018-06-06 16:46:37,452 INFO 6080 [egg:core] dump config after load, 9ms
2018-06-06 16:46:37,464 INFO 6080 [egg-watcher:app] watcher start success
2018-06-06 16:46:37,467 INFO 6080 [egg-mysql] instance[0] status OK, rds currentTime: Wed Jun 06 2018 16:46:37 GMT+0800 (中国标准时间)
2018-06-06 16:46:37,475 INFO 6080 [egg:core] dump config after ready, 7ms
2018-06-06 16:48:44,180 INFO 9864 [egg:logger] init all loggers with options: {"dir":"D:\\Program Files\\demo\\eggjs_node\\logs\\eggjs-node","encoding":"utf8","env":"local","level":"INFO","consoleLevel":"INFO","disableConsoleAfterReady":false,"outputJSON":false,"buffer":true,"appLogName":"eggjs-node-web.log","coreLogName":"egg-web.log","agentLogName":"egg-agent.log","errorLogName":"common-error.log","coreLogger":{"consoleLevel":"WARN"},"allowDebugAtProd":true,"type":"application"}
2018-06-06 16:48:44,223 INFO 9864 [egg-schedule]: register schedule D:\Program Files\demo\eggjs_node\node_modules\egg-logrotator\app\schedule\clean_log.js
2018-06-06 16:48:44,223 INFO 9864 [egg-schedule]: register schedule D:\Program Files\demo\eggjs_node\node_modules\egg-logrotator\app\schedule\rotate_by_file.js
2018-06-06 16:48:44,245 INFO 9864 [egg-mysql] connecting root@localhost:3306/test
2018-06-06 16:48:44,396 INFO 9864 [egg-static] starting static serve /public/ -> D:\Program Files\demo\eggjs_node\app\public
2018-06-06 16:48:44,399 INFO 9864 [egg-security] use csrf middleware
2018-06-06 16:48:44,400 INFO 9864 [egg-security] use methodnoallow middleware
2018-06-06 16:48:44,401 INFO 9864 [egg-security] use noopen middleware
2018-06-06 16:48:44,402 INFO 9864 [egg-security] use nosniff middleware
2018-06-06 16:48:44,403 INFO 9864 [egg-security] use xssProtection middleware
2018-06-06 16:48:44,404 INFO 9864 [egg-security] use xframe middleware
2018-06-06 16:48:44,404 INFO 9864 [egg-security] use dta middleware
2018-06-06 16:48:44,404 INFO 9864 [egg-security] compose 7 middlewares into one security middleware
2018-06-06 16:48:44,417 INFO 9864 [egg:core] dump config after load, 8ms
2018-06-06 16:48:44,433 INFO 9864 [egg-watcher:app] watcher start success
2018-06-06 16:48:44,436 INFO 9864 [egg-mysql] instance[0] status OK, rds currentTime: Wed Jun 06 2018 16:48:44 GMT+0800 (中国标准时间)
2018-06-06 16:48:44,446 INFO 9864 [egg:core] dump config after ready, 8ms
2018-06-06 16:49:13,458 INFO 8404 [egg:logger] init all loggers with options: {"dir":"D:\\Program Files\\demo\\eggjs_node\\logs\\eggjs-node","encoding":"utf8","env":"local","level":"INFO","consoleLevel":"INFO","disableConsoleAfterReady":false,"outputJSON":false,"buffer":true,"appLogName":"eggjs-node-web.log","coreLogName":"egg-web.log","agentLogName":"egg-agent.log","errorLogName":"common-error.log","coreLogger":{"consoleLevel":"WARN"},"allowDebugAtProd":true,"type":"application"}
2018-06-06 16:49:13,506 INFO 8404 [egg-schedule]: register schedule D:\Program Files\demo\eggjs_node\node_modules\egg-logrotator\app\schedule\clean_log.js
2018-06-06 16:49:13,506 INFO 8404 [egg-schedule]: register schedule D:\Program Files\demo\eggjs_node\node_modules\egg-logrotator\app\schedule\rotate_by_file.js
2018-06-06 16:49:13,532 INFO 8404 [egg-mysql] connecting root@localhost:3306/test
2018-06-06 16:49:13,706 INFO 8404 [egg-static] starting static serve /public/ -> D:\Program Files\demo\eggjs_node\app\public
2018-06-06 16:49:13,709 INFO 8404 [egg-security] use csrf middleware
2018-06-06 16:49:13,710 INFO 8404 [egg-security] use methodnoallow middleware
2018-06-06 16:49:13,711 INFO 8404 [egg-security] use noopen middleware
2018-06-06 16:49:13,712 INFO 8404 [egg-security] use nosniff middleware
2018-06-06 16:49:13,713 INFO 8404 [egg-security] use xssProtection middleware
2018-06-06 16:49:13,714 INFO 8404 [egg-security] use xframe middleware
2018-06-06 16:49:13,714 INFO 8404 [egg-security] use dta middleware
2018-06-06 16:49:13,714 INFO 8404 [egg-security] compose 7 middlewares into one security middleware
2018-06-06 16:49:13,748 INFO 8404 [egg:core] dump config after load, 8ms
2018-06-06 16:49:13,765 INFO 8404 [egg-watcher:app] watcher start success
2018-06-06 16:49:13,768 INFO 8404 [egg-mysql] instance[0] status OK, rds currentTime: Wed Jun 06 2018 16:49:13 GMT+0800 (中国标准时间)
2018-06-06 16:49:13,779 INFO 8404 [egg:core] dump config after ready, 10ms
2018-06-06 16:49:18,827 INFO 9936 [egg:logger] init all loggers with options: {"dir":"D:\\Program Files\\demo\\eggjs_node\\logs\\eggjs-node","encoding":"utf8","env":"local","level":"INFO","consoleLevel":"INFO","disableConsoleAfterReady":false,"outputJSON":false,"buffer":true,"appLogName":"eggjs-node-web.log","coreLogName":"egg-web.log","agentLogName":"egg-agent.log","errorLogName":"common-error.log","coreLogger":{"consoleLevel":"WARN"},"allowDebugAtProd":true,"type":"application"}
2018-06-06 16:49:18,873 INFO 9936 [egg-schedule]: register schedule D:\Program Files\demo\eggjs_node\node_modules\egg-logrotator\app\schedule\clean_log.js
2018-06-06 16:49:18,874 INFO 9936 [egg-schedule]: register schedule D:\Program Files\demo\eggjs_node\node_modules\egg-logrotator\app\schedule\rotate_by_file.js
2018-06-06 16:49:18,904 INFO 9936 [egg-mysql] connecting root@localhost:3306/test
2018-06-06 16:49:19,096 INFO 9936 [egg-static] starting static serve /public/ -> D:\Program Files\demo\eggjs_node\app\public
2018-06-06 16:49:19,101 INFO 9936 [egg-security] use csrf middleware
2018-06-06 16:49:19,104 INFO 9936 [egg-security] use methodnoallow middleware
2018-06-06 16:49:19,106 INFO 9936 [egg-security] use noopen middleware
2018-06-06 16:49:19,107 INFO 9936 [egg-security] use nosniff middleware
2018-06-06 16:49:19,109 INFO 9936 [egg-security] use xssProtection middleware
2018-06-06 16:49:19,110 INFO 9936 [egg-security] use xframe middleware
2018-06-06 16:49:19,110 INFO 9936 [egg-security] use dta middleware
2018-06-06 16:49:19,110 INFO 9936 [egg-security] compose 7 middlewares into one security middleware
2018-06-06 16:49:19,149 INFO 9936 [egg:core] dump config after load, 8ms
2018-06-06 16:49:19,167 INFO 9936 [egg-watcher:app] watcher start success
2018-06-06 16:49:19,169 INFO 9936 [egg-mysql] instance[0] status OK, rds currentTime: Wed Jun 06 2018 16:49:19 GMT+0800 (中国标准时间)
2018-06-06 16:49:19,179 INFO 9936 [egg:core] dump config after ready, 8ms
2018-06-06 16:50:19,531 INFO 8560 [egg:logger] init all loggers with options: {"dir":"D:\\Program Files\\demo\\eggjs_node\\logs\\eggjs-node","encoding":"utf8","env":"local","level":"INFO","consoleLevel":"INFO","disableConsoleAfterReady":false,"outputJSON":false,"buffer":true,"appLogName":"eggjs-node-web.log","coreLogName":"egg-web.log","agentLogName":"egg-agent.log","errorLogName":"common-error.log","coreLogger":{"consoleLevel":"WARN"},"allowDebugAtProd":true,"type":"application"}
2018-06-06 16:50:19,575 INFO 8560 [egg-schedule]: register schedule D:\Program Files\demo\eggjs_node\node_modules\egg-logrotator\app\schedule\clean_log.js
2018-06-06 16:50:19,575 INFO 8560 [egg-schedule]: register schedule D:\Program Files\demo\eggjs_node\node_modules\egg-logrotator\app\schedule\rotate_by_file.js
2018-06-06 16:50:19,596 INFO 8560 [egg-mysql] connecting root@localhost:3306/test
2018-06-06 16:50:19,756 INFO 8560 [egg-static] starting static serve /public/ -> D:\Program Files\demo\eggjs_node\app\public
2018-06-06 16:50:19,759 INFO 8560 [egg-security] use csrf middleware
2018-06-06 16:50:19,760 INFO 8560 [egg-security] use methodnoallow middleware
2018-06-06 16:50:19,761 INFO 8560 [egg-security] use noopen middleware
2018-06-06 16:50:19,762 INFO 8560 [egg-security] use nosniff middleware
2018-06-06 16:50:19,762 INFO 8560 [egg-security] use xssProtection middleware
2018-06-06 16:50:19,763 INFO 8560 [egg-security] use xframe middleware
2018-06-06 16:50:19,764 INFO 8560 [egg-security] use dta middleware
2018-06-06 16:50:19,764 INFO 8560 [egg-security] compose 7 middlewares into one security middleware
2018-06-06 16:50:19,779 INFO 8560 [egg:core] dump config after load, 9ms
2018-06-06 16:50:19,809 INFO 8560 [egg-watcher:app] watcher start success
2018-06-06 16:50:19,811 INFO 8560 [egg-mysql] instance[0] status OK, rds currentTime: Wed Jun 06 2018 16:50:19 GMT+0800 (中国标准时间)
2018-06-06 16:50:19,820 INFO 8560 [egg:core] dump config after ready, 7ms
2018-06-06 16:51:11,585 INFO 7516 [egg:logger] init all loggers with options: {"dir":"D:\\Program Files\\demo\\eggjs_node\\logs\\eggjs-node","encoding":"utf8","env":"local","level":"INFO","consoleLevel":"INFO","disableConsoleAfterReady":false,"outputJSON":false,"buffer":true,"appLogName":"eggjs-node-web.log","coreLogName":"egg-web.log","agentLogName":"egg-agent.log","errorLogName":"common-error.log","coreLogger":{"consoleLevel":"WARN"},"allowDebugAtProd":true,"type":"application"}
2018-06-06 16:51:11,630 INFO 7516 [egg-schedule]: register schedule D:\Program Files\demo\eggjs_node\node_modules\egg-logrotator\app\schedule\clean_log.js
2018-06-06 16:51:11,630 INFO 7516 [egg-schedule]: register schedule D:\Program Files\demo\eggjs_node\node_modules\egg-logrotator\app\schedule\rotate_by_file.js
2018-06-06 16:51:11,651 INFO 7516 [egg-mysql] connecting root@localhost:3306/test
2018-06-06 16:51:11,803 INFO 7516 [egg-static] starting static serve /public/ -> D:\Program Files\demo\eggjs_node\app\public
2018-06-06 16:51:11,806 INFO 7516 [egg-security] use csrf middleware
2018-06-06 16:51:11,807 INFO 7516 [egg-security] use methodnoallow middleware
2018-06-06 16:51:11,808 INFO 7516 [egg-security] use noopen middleware
2018-06-06 16:51:11,808 INFO 7516 [egg-security] use nosniff middleware
2018-06-06 16:51:11,809 INFO 7516 [egg-security] use xssProtection middleware
2018-06-06 16:51:11,810 INFO 7516 [egg-security] use xframe middleware
2018-06-06 16:51:11,810 INFO 7516 [egg-security] use dta middleware
2018-06-06 16:51:11,810 INFO 7516 [egg-security] compose 7 middlewares into one security middleware
2018-06-06 16:51:11,824 INFO 7516 [egg:core] dump config after load, 9ms
2018-06-06 16:51:11,839 INFO 7516 [egg-watcher:app] watcher start success
2018-06-06 16:51:11,842 INFO 7516 [egg-mysql] instance[0] status OK, rds currentTime: Wed Jun 06 2018 16:51:11 GMT+0800 (中国标准时间)
2018-06-06 16:51:11,850 INFO 7516 [egg:core] dump config after ready, 7ms
2018-06-06 16:51:28,509 INFO 9544 [egg:logger] init all loggers with options: {"dir":"D:\\Program Files\\demo\\eggjs_node\\logs\\eggjs-node","encoding":"utf8","env":"local","level":"INFO","consoleLevel":"INFO","disableConsoleAfterReady":false,"outputJSON":false,"buffer":true,"appLogName":"eggjs-node-web.log","coreLogName":"egg-web.log","agentLogName":"egg-agent.log","errorLogName":"common-error.log","coreLogger":{"consoleLevel":"WARN"},"allowDebugAtProd":true,"type":"application"}
2018-06-06 16:51:28,551 INFO 9544 [egg-schedule]: register schedule D:\Program Files\demo\eggjs_node\node_modules\egg-logrotator\app\schedule\clean_log.js
2018-06-06 16:51:28,551 INFO 9544 [egg-schedule]: register schedule D:\Program Files\demo\eggjs_node\node_modules\egg-logrotator\app\schedule\rotate_by_file.js
2018-06-06 16:51:28,578 INFO 9544 [egg-mysql] connecting root@localhost:3306/test
2018-06-06 16:51:28,768 INFO 9544 [egg-static] starting static serve /public/ -> D:\Program Files\demo\eggjs_node\app\public
2018-06-06 16:51:28,771 INFO 9544 [egg-security] use csrf middleware
2018-06-06 16:51:28,773 INFO 9544 [egg-security] use methodnoallow middleware
2018-06-06 16:51:28,774 INFO 9544 [egg-security] use noopen middleware
2018-06-06 16:51:28,775 INFO 9544 [egg-security] use nosniff middleware
2018-06-06 16:51:28,776 INFO 9544 [egg-security] use xssProtection middleware
2018-06-06 16:51:28,777 INFO 9544 [egg-security] use xframe middleware
2018-06-06 16:51:28,777 INFO 9544 [egg-security] use dta middleware
2018-06-06 16:51:28,777 INFO 9544 [egg-security] compose 7 middlewares into one security middleware
2018-06-06 16:51:28,790 INFO 9544 [egg:core] dump config after load, 7ms
2018-06-06 16:51:28,806 INFO 9544 [egg-watcher:app] watcher start success
2018-06-06 16:51:28,808 INFO 9544 [egg-mysql] instance[0] status OK, rds currentTime: Wed Jun 06 2018 16:51:28 GMT+0800 (中国标准时间)
2018-06-06 16:51:28,816 INFO 9544 [egg:core] dump config after ready, 7ms
2018-06-06 16:53:26,515 INFO 7988 [egg:logger] init all loggers with options: {"dir":"D:\\Program Files\\demo\\eggjs_node\\logs\\eggjs-node","encoding":"utf8","env":"local","level":"INFO","consoleLevel":"INFO","disableConsoleAfterReady":false,"outputJSON":false,"buffer":true,"appLogName":"eggjs-node-web.log","coreLogName":"egg-web.log","agentLogName":"egg-agent.log","errorLogName":"common-error.log","coreLogger":{"consoleLevel":"WARN"},"allowDebugAtProd":true,"type":"application"}
2018-06-06 16:53:26,584 INFO 7988 [egg-schedule]: register schedule D:\Program Files\demo\eggjs_node\node_modules\egg-logrotator\app\schedule\clean_log.js
2018-06-06 16:53:26,584 INFO 7988 [egg-schedule]: register schedule D:\Program Files\demo\eggjs_node\node_modules\egg-logrotator\app\schedule\rotate_by_file.js
2018-06-06 16:53:26,628 INFO 7988 [egg-mysql] connecting root@localhost:3306/test
2018-06-06 16:53:26,851 INFO 7988 [egg-static] starting static serve /public/ -> D:\Program Files\demo\eggjs_node\app\public
2018-06-06 16:53:26,855 INFO 7988 [egg-security] use csrf middleware
2018-06-06 16:53:26,857 INFO 7988 [egg-security] use methodnoallow middleware
2018-06-06 16:53:26,858 INFO 7988 [egg-security] use noopen middleware
2018-06-06 16:53:26,859 INFO 7988 [egg-security] use nosniff middleware
2018-06-06 16:53:26,861 INFO 7988 [egg-security] use xssProtection middleware
2018-06-06 16:53:26,862 INFO 7988 [egg-security] use xframe middleware
2018-06-06 16:53:26,863 INFO 7988 [egg-security] use dta middleware
2018-06-06 16:53:26,863 INFO 7988 [egg-security] compose 7 middlewares into one security middleware
2018-06-06 16:53:26,882 INFO 7988 [egg:core] dump config after load, 8ms
2018-06-06 16:53:26,903 INFO 7988 [egg-watcher:app] watcher start success
2018-06-06 16:53:26,906 INFO 7988 [egg-mysql] instance[0] status OK, rds currentTime: Wed Jun 06 2018 16:53:26 GMT+0800 (中国标准时间)
2018-06-06 16:53:26,918 INFO 7988 [egg:core] dump config after ready, 8ms
2018-06-06 16:53:29,741 INFO 1232 [egg:logger] init all loggers with options: {"dir":"D:\\Program Files\\demo\\eggjs_node\\logs\\eggjs-node","encoding":"utf8","env":"local","level":"INFO","consoleLevel":"INFO","disableConsoleAfterReady":false,"outputJSON":false,"buffer":true,"appLogName":"eggjs-node-web.log","coreLogName":"egg-web.log","agentLogName":"egg-agent.log","errorLogName":"common-error.log","coreLogger":{"consoleLevel":"WARN"},"allowDebugAtProd":true,"type":"application"}
2018-06-06 16:53:29,791 INFO 1232 [egg-schedule]: register schedule D:\Program Files\demo\eggjs_node\node_modules\egg-logrotator\app\schedule\clean_log.js
2018-06-06 16:53:29,791 INFO 1232 [egg-schedule]: register schedule D:\Program Files\demo\eggjs_node\node_modules\egg-logrotator\app\schedule\rotate_by_file.js
2018-06-06 16:53:29,813 INFO 1232 [egg-mysql] connecting root@localhost:3306/test
2018-06-06 16:53:29,960 INFO 1232 [egg-static] starting static serve /public/ -> D:\Program Files\demo\eggjs_node\app\public
2018-06-06 16:53:29,962 INFO 1232 [egg-security] use csrf middleware
2018-06-06 16:53:29,964 INFO 1232 [egg-security] use methodnoallow middleware
2018-06-06 16:53:29,965 INFO 1232 [egg-security] use noopen middleware
2018-06-06 16:53:29,965 INFO 1232 [egg-security] use nosniff middleware
2018-06-06 16:53:29,966 INFO 1232 [egg-security] use xssProtection middleware
2018-06-06 16:53:29,967 INFO 1232 [egg-security] use xframe middleware
2018-06-06 16:53:29,968 INFO 1232 [egg-security] use dta middleware
2018-06-06 16:53:29,968 INFO 1232 [egg-security] compose 7 middlewares into one security middleware
2018-06-06 16:53:29,983 INFO 1232 [egg:core] dump config after load, 8ms
2018-06-06 16:53:30,009 INFO 1232 [egg-watcher:app] watcher start success
2018-06-06 16:53:30,022 INFO 1232 [egg-mysql] instance[0] status OK, rds currentTime: Wed Jun 06 2018 16:53:30 GMT+0800 (中国标准时间)
2018-06-06 16:53:30,031 INFO 1232 [egg:core] dump config after ready, 7ms
2018-06-06 17:01:58,190 INFO 8316 [egg:logger] init all loggers with options: {"dir":"D:\\Program Files\\demo\\eggjs_node\\logs\\eggjs-node","encoding":"utf8","env":"local","level":"INFO","consoleLevel":"INFO","disableConsoleAfterReady":false,"outputJSON":false,"buffer":true,"appLogName":"eggjs-node-web.log","coreLogName":"egg-web.log","agentLogName":"egg-agent.log","errorLogName":"common-error.log","coreLogger":{"consoleLevel":"WARN"},"allowDebugAtProd":true,"type":"application"}
2018-06-06 17:01:58,237 INFO 8316 [egg-schedule]: register schedule D:\Program Files\demo\eggjs_node\node_modules\egg-logrotator\app\schedule\clean_log.js
2018-06-06 17:01:58,237 INFO 8316 [egg-schedule]: register schedule D:\Program Files\demo\eggjs_node\node_modules\egg-logrotator\app\schedule\rotate_by_file.js
2018-06-06 17:01:58,264 INFO 8316 [egg-mysql] connecting root@localhost:3306/test
2018-06-06 17:01:58,444 INFO 8316 [egg-static] starting static serve /public/ -> D:\Program Files\demo\eggjs_node\app\public
2018-06-06 17:01:58,448 INFO 8316 [egg-security] use csrf middleware
2018-06-06 17:01:58,450 INFO 8316 [egg-security] use methodnoallow middleware
2018-06-06 17:01:58,450 INFO 8316 [egg-security] use noopen middleware
2018-06-06 17:01:58,451 INFO 8316 [egg-security] use nosniff middleware
2018-06-06 17:01:58,451 INFO 8316 [egg-security] use xssProtection middleware
2018-06-06 17:01:58,452 INFO 8316 [egg-security] use xframe middleware
2018-06-06 17:01:58,453 INFO 8316 [egg-security] use dta middleware
2018-06-06 17:01:58,453 INFO 8316 [egg-security] compose 7 middlewares into one security middleware
2018-06-06 17:01:58,471 INFO 8316 [egg:core] dump config after load, 10ms
2018-06-06 17:01:58,489 INFO 8316 [egg-watcher:app] watcher start success
2018-06-06 17:01:58,491 INFO 8316 [egg-mysql] instance[0] status OK, rds currentTime: Wed Jun 06 2018 17:01:58 GMT+0800 (中国标准时间)
2018-06-06 17:01:58,503 INFO 8316 [egg:core] dump config after ready, 10ms
2018-06-06 17:02:01,453 INFO 11032 [egg:logger] init all loggers with options: {"dir":"D:\\Program Files\\demo\\eggjs_node\\logs\\eggjs-node","encoding":"utf8","env":"local","level":"INFO","consoleLevel":"INFO","disableConsoleAfterReady":false,"outputJSON":false,"buffer":true,"appLogName":"eggjs-node-web.log","coreLogName":"egg-web.log","agentLogName":"egg-agent.log","errorLogName":"common-error.log","coreLogger":{"consoleLevel":"WARN"},"allowDebugAtProd":true,"type":"application"}
2018-06-06 17:02:01,495 INFO 11032 [egg-schedule]: register schedule D:\Program Files\demo\eggjs_node\node_modules\egg-logrotator\app\schedule\clean_log.js
2018-06-06 17:02:01,495 INFO 11032 [egg-schedule]: register schedule D:\Program Files\demo\eggjs_node\node_modules\egg-logrotator\app\schedule\rotate_by_file.js
2018-06-06 17:02:01,520 INFO 11032 [egg-mysql] connecting root@localhost:3306/test
2018-06-06 17:02:01,659 INFO 11032 [egg-static] starting static serve /public/ -> D:\Program Files\demo\eggjs_node\app\public
2018-06-06 17:02:01,661 INFO 11032 [egg-security] use csrf middleware
2018-06-06 17:02:01,663 INFO 11032 [egg-security] use methodnoallow middleware
2018-06-06 17:02:01,663 INFO 11032 [egg-security] use noopen middleware
2018-06-06 17:02:01,664 INFO 11032 [egg-security] use nosniff middleware
2018-06-06 17:02:01,665 INFO 11032 [egg-security] use xssProtection middleware
2018-06-06 17:02:01,665 INFO 11032 [egg-security] use xframe middleware
2018-06-06 17:02:01,666 INFO 11032 [egg-security] use dta middleware
2018-06-06 17:02:01,666 INFO 11032 [egg-security] compose 7 middlewares into one security middleware
2018-06-06 17:02:01,678 INFO 11032 [egg:core] dump config after load, 7ms
2018-06-06 17:02:01,694 INFO 11032 [egg-watcher:app] watcher start success
2018-06-06 17:02:01,696 INFO 11032 [egg-mysql] instance[0] status OK, rds currentTime: Wed Jun 06 2018 17:02:01 GMT+0800 (中国标准时间)
2018-06-06 17:02:01,704 INFO 11032 [egg:core] dump config after ready, 7ms
