2018-06-07 09:32:19,247 WARN 10508 [-/10.28.85.112/-/2ms POST /api/common/uploadfile] invalid csrf token. See https://eggjs.org/zh-cn/core/security.html#安全威胁csrf的防范
2018-06-07 09:32:19,288 WARN 10508 [-/10.28.85.112/-/42ms POST /api/common/uploadfile] nodejs.ForbiddenError: invalid csrf token
    at Object.throw (d:\Program Files\demo\eggjs_node\node_modules\koa\lib\context.js:93:11)
    at Object.assertCsrf (d:\Program Files\demo\eggjs_node\node_modules\egg-security\app\extend\context.js:149:17)
    at csrf (d:\Program Files\demo\eggjs_node\node_modules\egg-security\lib\middlewares\csrf.js:31:9)
    at dispatch (d:\Program Files\demo\eggjs_node\node_modules\koa-compose\index.js:42:32)
    at d:\Program Files\demo\eggjs_node\node_modules\koa-compose\index.js:34:12
    at dispatch (d:\Program Files\demo\eggjs_node\node_modules\koa-compose\index.js:42:32)
    at session (d:\Program Files\demo\eggjs_node\node_modules\koa-session\index.js:41:13)
    at dispatch (d:\Program Files\demo\eggjs_node\node_modules\koa-compose\index.js:42:32)
    at overrideMethod (d:\Program Files\demo\eggjs_node\node_modules\koa-override\index.js:38:12)
    at dispatch (d:\Program Files\demo\eggjs_node\node_modules\koa-compose\index.js:42:32)
message: 'invalid csrf token'
pid: 10508
hostname: PAFSH-D1154

2018-06-07 09:32:47,967 WARN 10508 [-/10.28.85.112/-/0ms POST /api/common/uploadfile] invalid csrf token. See https://eggjs.org/zh-cn/core/security.html#安全威胁csrf的防范
2018-06-07 09:32:47,968 WARN 10508 [-/10.28.85.112/-/1ms POST /api/common/uploadfile] nodejs.ForbiddenError: invalid csrf token
    at Object.throw (d:\Program Files\demo\eggjs_node\node_modules\koa\lib\context.js:93:11)
    at Object.assertCsrf (d:\Program Files\demo\eggjs_node\node_modules\egg-security\app\extend\context.js:149:17)
    at csrf (d:\Program Files\demo\eggjs_node\node_modules\egg-security\lib\middlewares\csrf.js:31:9)
    at dispatch (d:\Program Files\demo\eggjs_node\node_modules\koa-compose\index.js:42:32)
    at d:\Program Files\demo\eggjs_node\node_modules\koa-compose\index.js:34:12
    at dispatch (d:\Program Files\demo\eggjs_node\node_modules\koa-compose\index.js:42:32)
    at session (d:\Program Files\demo\eggjs_node\node_modules\koa-session\index.js:41:13)
    at dispatch (d:\Program Files\demo\eggjs_node\node_modules\koa-compose\index.js:42:32)
    at overrideMethod (d:\Program Files\demo\eggjs_node\node_modules\koa-override\index.js:38:12)
    at dispatch (d:\Program Files\demo\eggjs_node\node_modules\koa-compose\index.js:42:32)
message: 'invalid csrf token'
pid: 10508
hostname: PAFSH-D1154

2018-06-07 09:36:37,030 WARN 10508 [-/10.28.85.112/-/1ms POST /api/common/uploadfile] invalid csrf token. See https://eggjs.org/zh-cn/core/security.html#安全威胁csrf的防范
2018-06-07 09:36:37,030 WARN 10508 [-/10.28.85.112/-/1ms POST /api/common/uploadfile] nodejs.ForbiddenError: invalid csrf token
    at Object.throw (d:\Program Files\demo\eggjs_node\node_modules\koa\lib\context.js:93:11)
    at Object.assertCsrf (d:\Program Files\demo\eggjs_node\node_modules\egg-security\app\extend\context.js:149:17)
    at csrf (d:\Program Files\demo\eggjs_node\node_modules\egg-security\lib\middlewares\csrf.js:31:9)
    at dispatch (d:\Program Files\demo\eggjs_node\node_modules\koa-compose\index.js:42:32)
    at d:\Program Files\demo\eggjs_node\node_modules\koa-compose\index.js:34:12
    at dispatch (d:\Program Files\demo\eggjs_node\node_modules\koa-compose\index.js:42:32)
    at session (d:\Program Files\demo\eggjs_node\node_modules\koa-session\index.js:41:13)
    at dispatch (d:\Program Files\demo\eggjs_node\node_modules\koa-compose\index.js:42:32)
    at overrideMethod (d:\Program Files\demo\eggjs_node\node_modules\koa-override\index.js:38:12)
    at dispatch (d:\Program Files\demo\eggjs_node\node_modules\koa-compose\index.js:42:32)
message: 'invalid csrf token'
pid: 10508
hostname: PAFSH-D1154

2018-06-07 09:37:19,706 WARN 10508 [-/10.28.85.112/-/0ms POST /api/common/uploadfile] invalid csrf token. See https://eggjs.org/zh-cn/core/security.html#安全威胁csrf的防范
2018-06-07 09:37:19,707 WARN 10508 [-/10.28.85.112/-/0ms POST /api/common/uploadfile] nodejs.ForbiddenError: invalid csrf token
    at Object.throw (d:\Program Files\demo\eggjs_node\node_modules\koa\lib\context.js:93:11)
    at Object.assertCsrf (d:\Program Files\demo\eggjs_node\node_modules\egg-security\app\extend\context.js:149:17)
    at csrf (d:\Program Files\demo\eggjs_node\node_modules\egg-security\lib\middlewares\csrf.js:31:9)
    at dispatch (d:\Program Files\demo\eggjs_node\node_modules\koa-compose\index.js:42:32)
    at d:\Program Files\demo\eggjs_node\node_modules\koa-compose\index.js:34:12
    at dispatch (d:\Program Files\demo\eggjs_node\node_modules\koa-compose\index.js:42:32)
    at session (d:\Program Files\demo\eggjs_node\node_modules\koa-session\index.js:41:13)
    at dispatch (d:\Program Files\demo\eggjs_node\node_modules\koa-compose\index.js:42:32)
    at overrideMethod (d:\Program Files\demo\eggjs_node\node_modules\koa-override\index.js:38:12)
    at dispatch (d:\Program Files\demo\eggjs_node\node_modules\koa-compose\index.js:42:32)
message: 'invalid csrf token'
pid: 10508
hostname: PAFSH-D1154

2018-06-07 09:38:52,894 WARN 10508 [-/10.28.85.112/-/0ms POST /api/common/uploadfile] invalid csrf token. See https://eggjs.org/zh-cn/core/security.html#安全威胁csrf的防范
2018-06-07 09:38:52,895 WARN 10508 [-/10.28.85.112/-/1ms POST /api/common/uploadfile] nodejs.ForbiddenError: invalid csrf token
    at Object.throw (d:\Program Files\demo\eggjs_node\node_modules\koa\lib\context.js:93:11)
    at Object.assertCsrf (d:\Program Files\demo\eggjs_node\node_modules\egg-security\app\extend\context.js:149:17)
    at csrf (d:\Program Files\demo\eggjs_node\node_modules\egg-security\lib\middlewares\csrf.js:31:9)
    at dispatch (d:\Program Files\demo\eggjs_node\node_modules\koa-compose\index.js:42:32)
    at d:\Program Files\demo\eggjs_node\node_modules\koa-compose\index.js:34:12
    at dispatch (d:\Program Files\demo\eggjs_node\node_modules\koa-compose\index.js:42:32)
    at session (d:\Program Files\demo\eggjs_node\node_modules\koa-session\index.js:41:13)
    at dispatch (d:\Program Files\demo\eggjs_node\node_modules\koa-compose\index.js:42:32)
    at overrideMethod (d:\Program Files\demo\eggjs_node\node_modules\koa-override\index.js:38:12)
    at dispatch (d:\Program Files\demo\eggjs_node\node_modules\koa-compose\index.js:42:32)
message: 'invalid csrf token'
pid: 10508
hostname: PAFSH-D1154

2018-06-07 09:39:14,488 WARN 10508 [-/10.28.85.112/-/0ms POST /api/common/uploadfile] invalid csrf token. See https://eggjs.org/zh-cn/core/security.html#安全威胁csrf的防范
2018-06-07 09:39:14,489 WARN 10508 [-/10.28.85.112/-/1ms POST /api/common/uploadfile] nodejs.ForbiddenError: invalid csrf token
    at Object.throw (d:\Program Files\demo\eggjs_node\node_modules\koa\lib\context.js:93:11)
    at Object.assertCsrf (d:\Program Files\demo\eggjs_node\node_modules\egg-security\app\extend\context.js:149:17)
    at csrf (d:\Program Files\demo\eggjs_node\node_modules\egg-security\lib\middlewares\csrf.js:31:9)
    at dispatch (d:\Program Files\demo\eggjs_node\node_modules\koa-compose\index.js:42:32)
    at d:\Program Files\demo\eggjs_node\node_modules\koa-compose\index.js:34:12
    at dispatch (d:\Program Files\demo\eggjs_node\node_modules\koa-compose\index.js:42:32)
    at session (d:\Program Files\demo\eggjs_node\node_modules\koa-session\index.js:41:13)
    at dispatch (d:\Program Files\demo\eggjs_node\node_modules\koa-compose\index.js:42:32)
    at overrideMethod (d:\Program Files\demo\eggjs_node\node_modules\koa-override\index.js:38:12)
    at dispatch (d:\Program Files\demo\eggjs_node\node_modules\koa-compose\index.js:42:32)
message: 'invalid csrf token'
pid: 10508
hostname: PAFSH-D1154

2018-06-07 09:40:10,449 WARN 10508 [-/10.28.85.112/-/0ms POST /api/common/uploadfile] invalid csrf token. See https://eggjs.org/zh-cn/core/security.html#安全威胁csrf的防范
2018-06-07 09:40:10,449 WARN 10508 [-/10.28.85.112/-/1ms POST /api/common/uploadfile] nodejs.ForbiddenError: invalid csrf token
    at Object.throw (d:\Program Files\demo\eggjs_node\node_modules\koa\lib\context.js:93:11)
    at Object.assertCsrf (d:\Program Files\demo\eggjs_node\node_modules\egg-security\app\extend\context.js:149:17)
    at csrf (d:\Program Files\demo\eggjs_node\node_modules\egg-security\lib\middlewares\csrf.js:31:9)
    at dispatch (d:\Program Files\demo\eggjs_node\node_modules\koa-compose\index.js:42:32)
    at d:\Program Files\demo\eggjs_node\node_modules\koa-compose\index.js:34:12
    at dispatch (d:\Program Files\demo\eggjs_node\node_modules\koa-compose\index.js:42:32)
    at session (d:\Program Files\demo\eggjs_node\node_modules\koa-session\index.js:41:13)
    at dispatch (d:\Program Files\demo\eggjs_node\node_modules\koa-compose\index.js:42:32)
    at overrideMethod (d:\Program Files\demo\eggjs_node\node_modules\koa-override\index.js:38:12)
    at dispatch (d:\Program Files\demo\eggjs_node\node_modules\koa-compose\index.js:42:32)
message: 'invalid csrf token'
pid: 10508
hostname: PAFSH-D1154

2018-06-07 09:40:41,876 WARN 10508 [-/10.28.85.112/-/0ms POST /api/common/uploadfile] invalid csrf token. See https://eggjs.org/zh-cn/core/security.html#安全威胁csrf的防范
2018-06-07 09:40:41,876 WARN 10508 [-/10.28.85.112/-/0ms POST /api/common/uploadfile] nodejs.ForbiddenError: invalid csrf token
    at Object.throw (d:\Program Files\demo\eggjs_node\node_modules\koa\lib\context.js:93:11)
    at Object.assertCsrf (d:\Program Files\demo\eggjs_node\node_modules\egg-security\app\extend\context.js:149:17)
    at csrf (d:\Program Files\demo\eggjs_node\node_modules\egg-security\lib\middlewares\csrf.js:31:9)
    at dispatch (d:\Program Files\demo\eggjs_node\node_modules\koa-compose\index.js:42:32)
    at d:\Program Files\demo\eggjs_node\node_modules\koa-compose\index.js:34:12
    at dispatch (d:\Program Files\demo\eggjs_node\node_modules\koa-compose\index.js:42:32)
    at session (d:\Program Files\demo\eggjs_node\node_modules\koa-session\index.js:41:13)
    at dispatch (d:\Program Files\demo\eggjs_node\node_modules\koa-compose\index.js:42:32)
    at overrideMethod (d:\Program Files\demo\eggjs_node\node_modules\koa-override\index.js:38:12)
    at dispatch (d:\Program Files\demo\eggjs_node\node_modules\koa-compose\index.js:42:32)
message: 'invalid csrf token'
pid: 10508
hostname: PAFSH-D1154

2018-06-07 09:48:14,605 WARN 10508 [-/10.28.85.112/-/0ms POST /api/common/uploadfile] invalid csrf token. See https://eggjs.org/zh-cn/core/security.html#安全威胁csrf的防范
2018-06-07 09:48:14,606 WARN 10508 [-/10.28.85.112/-/1ms POST /api/common/uploadfile] nodejs.ForbiddenError: invalid csrf token
    at Object.throw (d:\Program Files\demo\eggjs_node\node_modules\koa\lib\context.js:93:11)
    at Object.assertCsrf (d:\Program Files\demo\eggjs_node\node_modules\egg-security\app\extend\context.js:149:17)
    at csrf (d:\Program Files\demo\eggjs_node\node_modules\egg-security\lib\middlewares\csrf.js:31:9)
    at dispatch (d:\Program Files\demo\eggjs_node\node_modules\koa-compose\index.js:42:32)
    at d:\Program Files\demo\eggjs_node\node_modules\koa-compose\index.js:34:12
    at dispatch (d:\Program Files\demo\eggjs_node\node_modules\koa-compose\index.js:42:32)
    at session (d:\Program Files\demo\eggjs_node\node_modules\koa-session\index.js:41:13)
    at dispatch (d:\Program Files\demo\eggjs_node\node_modules\koa-compose\index.js:42:32)
    at overrideMethod (d:\Program Files\demo\eggjs_node\node_modules\koa-override\index.js:38:12)
    at dispatch (d:\Program Files\demo\eggjs_node\node_modules\koa-compose\index.js:42:32)
message: 'invalid csrf token'
pid: 10508
hostname: PAFSH-D1154

2018-06-07 09:48:53,836 WARN 10508 [-/10.28.85.112/-/0ms POST /api/common/uploadfile] invalid csrf token. See https://eggjs.org/zh-cn/core/security.html#安全威胁csrf的防范
2018-06-07 09:48:53,836 WARN 10508 [-/10.28.85.112/-/0ms POST /api/common/uploadfile] nodejs.ForbiddenError: invalid csrf token
    at Object.throw (d:\Program Files\demo\eggjs_node\node_modules\koa\lib\context.js:93:11)
    at Object.assertCsrf (d:\Program Files\demo\eggjs_node\node_modules\egg-security\app\extend\context.js:149:17)
    at csrf (d:\Program Files\demo\eggjs_node\node_modules\egg-security\lib\middlewares\csrf.js:31:9)
    at dispatch (d:\Program Files\demo\eggjs_node\node_modules\koa-compose\index.js:42:32)
    at d:\Program Files\demo\eggjs_node\node_modules\koa-compose\index.js:34:12
    at dispatch (d:\Program Files\demo\eggjs_node\node_modules\koa-compose\index.js:42:32)
    at session (d:\Program Files\demo\eggjs_node\node_modules\koa-session\index.js:41:13)
    at dispatch (d:\Program Files\demo\eggjs_node\node_modules\koa-compose\index.js:42:32)
    at overrideMethod (d:\Program Files\demo\eggjs_node\node_modules\koa-override\index.js:38:12)
    at dispatch (d:\Program Files\demo\eggjs_node\node_modules\koa-compose\index.js:42:32)
message: 'invalid csrf token'
pid: 10508
hostname: PAFSH-D1154

2018-06-07 09:50:11,606 WARN 10508 [-/10.28.85.112/-/0ms POST /api/common/uploadfile] invalid csrf token. See https://eggjs.org/zh-cn/core/security.html#安全威胁csrf的防范
2018-06-07 09:50:11,606 WARN 10508 [-/10.28.85.112/-/1ms POST /api/common/uploadfile] nodejs.ForbiddenError: invalid csrf token
    at Object.throw (d:\Program Files\demo\eggjs_node\node_modules\koa\lib\context.js:93:11)
    at Object.assertCsrf (d:\Program Files\demo\eggjs_node\node_modules\egg-security\app\extend\context.js:149:17)
    at csrf (d:\Program Files\demo\eggjs_node\node_modules\egg-security\lib\middlewares\csrf.js:31:9)
    at dispatch (d:\Program Files\demo\eggjs_node\node_modules\koa-compose\index.js:42:32)
    at d:\Program Files\demo\eggjs_node\node_modules\koa-compose\index.js:34:12
    at dispatch (d:\Program Files\demo\eggjs_node\node_modules\koa-compose\index.js:42:32)
    at session (d:\Program Files\demo\eggjs_node\node_modules\koa-session\index.js:41:13)
    at dispatch (d:\Program Files\demo\eggjs_node\node_modules\koa-compose\index.js:42:32)
    at overrideMethod (d:\Program Files\demo\eggjs_node\node_modules\koa-override\index.js:38:12)
    at dispatch (d:\Program Files\demo\eggjs_node\node_modules\koa-compose\index.js:42:32)
message: 'invalid csrf token'
pid: 10508
hostname: PAFSH-D1154

